<?xml version="1.0" encoding="UTF-8" ?>
<testsuite tests="0" failures="0" name="com.jiangmin.web.AccountControllerIT" time="0.001" errors="0" skipped="0">
  <properties>
    <property name="java.runtime.name" value="Java(TM) SE Runtime Environment"/>
    <property name="sun.boot.library.path" value="C:\Program Files\Java\jdk1.8.0_131\jre\bin"/>
    <property name="java.vm.version" value="25.131-b11"/>
    <property name="java.vm.vendor" value="Oracle Corporation"/>
    <property name="java.vendor.url" value="http://java.oracle.com/"/>
    <property name="path.separator" value=";"/>
    <property name="java.vm.name" value="Java HotSpot(TM) Client VM"/>
    <property name="file.encoding.pkg" value="sun.io"/>
    <property name="user.script" value=""/>
    <property name="user.country" value="CN"/>
    <property name="sun.java.launcher" value="SUN_STANDARD"/>
    <property name="sun.os.patch.level" value=""/>
    <property name="java.vm.specification.name" value="Java Virtual Machine Specification"/>
    <property name="user.dir" value="C:\Users\Bessie\git\repo_jy\SpringWebApp"/>
    <property name="java.runtime.version" value="1.8.0_131-b11"/>
    <property name="java.awt.graphicsenv" value="sun.awt.Win32GraphicsEnvironment"/>
    <property name="basedir" value="C:\Users\Bessie\git\repo_jy\SpringWebApp"/>
    <property name="java.endorsed.dirs" value="C:\Program Files\Java\jdk1.8.0_131\jre\lib\endorsed"/>
    <property name="os.arch" value="x86"/>
    <property name="surefire.real.class.path" value="C:\Users\Bessie\AppData\Local\Temp\surefirebooter556967055213989368.jar"/>
    <property name="java.io.tmpdir" value="C:\Users\Bessie\AppData\Local\Temp\"/>
    <property name="line.separator" value="
"/>
    <property name="java.vm.specification.vendor" value="Oracle Corporation"/>
    <property name="user.variant" value=""/>
    <property name="os.name" value="Windows 7"/>
    <property name="sun.jnu.encoding" value="GBK"/>
    <property name="java.library.path" value="C:\Program Files\Java\jdk1.8.0_131\jre\bin;C:\Windows\Sun\Java\bin;C:\Windows\system32;C:\Windows;C:/Program Files/Java/jre1.8.0_131/bin/client;C:/Program Files/Java/jre1.8.0_131/bin;C:/Program Files/Java/jre1.8.0_131/lib/i386;C:\ProgramData\Oracle\Java\javapath;C:\Program Files\Common Files\Microsoft Shared\Windows Live;C:\Windows\system32;C:\Windows;C:\Windows\System32\Wbem;C:\Windows\System32\WindowsPowerShell\v1.0\;C:\Program Files\Intel\WiFi\bin\;C:\Program Files\Common Files\Intel\WirelessCommon\;C:\Program Files\Common Files\Lenovo;C:\Program Files\Lenovo\Access Connections\;C:\Program Files\Windows Live\Shared;C:\Program Files\Common Files\Thunder Network\KanKan\Codecs;C:\Program Files\PuTTY\;C:\Program Files\MySQL\MySQL Fabric 1.5 &amp; MySQL Utilities 1.5\;C:\Program Files\MySQL\MySQL Fabric 1.5 &amp; MySQL Utilities 1.5\Doctrine extensions for PHP\;C:\IDE\eclipse_jee;;."/>
    <property name="surefire.test.class.path" value="C:\Users\Bessie\git\repo_jy\SpringWebApp\target\test-classes;C:\Users\Bessie\git\repo_jy\SpringWebApp\target\classes;C:\Users\Bessie\.m2\repository\org\springframework\spring-context\3.1.0.RELEASE\spring-context-3.1.0.RELEASE.jar;C:\Users\Bessie\.m2\repository\org\springframework\spring-aop\3.1.0.RELEASE\spring-aop-3.1.0.RELEASE.jar;C:\Users\Bessie\.m2\repository\org\springframework\spring-beans\3.1.0.RELEASE\spring-beans-3.1.0.RELEASE.jar;C:\Users\Bessie\.m2\repository\org\springframework\spring-core\3.1.0.RELEASE\spring-core-3.1.0.RELEASE.jar;C:\Users\Bessie\.m2\repository\commons-logging\commons-logging\1.1.1\commons-logging-1.1.1.jar;C:\Users\Bessie\.m2\repository\org\springframework\spring-expression\3.1.0.RELEASE\spring-expression-3.1.0.RELEASE.jar;C:\Users\Bessie\.m2\repository\org\springframework\spring-asm\3.1.0.RELEASE\spring-asm-3.1.0.RELEASE.jar;C:\Users\Bessie\.m2\repository\org\springframework\spring-web\3.1.0.RELEASE\spring-web-3.1.0.RELEASE.jar;C:\Users\Bessie\.m2\repository\aopalliance\aopalliance\1.0\aopalliance-1.0.jar;C:\Users\Bessie\.m2\repository\org\springframework\spring-webmvc\3.1.0.RELEASE\spring-webmvc-3.1.0.RELEASE.jar;C:\Users\Bessie\.m2\repository\org\springframework\spring-context-support\3.1.0.RELEASE\spring-context-support-3.1.0.RELEASE.jar;C:\Users\Bessie\.m2\repository\javax\validation\validation-api\1.0.0.GA\validation-api-1.0.0.GA.jar;C:\Users\Bessie\.m2\repository\javax\persistence\com.springsource.javax.persistence\2.0.0\com.springsource.javax.persistence-2.0.0.jar;C:\Users\Bessie\.m2\repository\javax\transaction\jta\1.1\jta-1.1.jar;C:\Users\Bessie\.m2\repository\org\springframework\org.springframework.orm\3.1.0.RELEASE\org.springframework.orm-3.1.0.RELEASE.jar;C:\Users\Bessie\.m2\repository\org\springframework\org.springframework.jdbc\3.1.0.RELEASE\org.springframework.jdbc-3.1.0.RELEASE.jar;C:\Users\Bessie\.m2\repository\org\springframework\org.springframework.transaction\3.1.0.RELEASE\org.springframework.transaction-3.1.0.RELEASE.jar;C:\Users\Bessie\.m2\repository\org\aopalliance\com.springsource.org.aopalliance\1.0.0\com.springsource.org.aopalliance-1.0.0.jar;C:\Users\Bessie\.m2\repository\org\springframework\org.springframework.aop\3.1.0.RELEASE\org.springframework.aop-3.1.0.RELEASE.jar;C:\Users\Bessie\.m2\repository\org\springframework\security\org.springframework.security.acls\3.0.3.RELEASE\org.springframework.security.acls-3.0.3.RELEASE.jar;C:\Users\Bessie\.m2\repository\org\springframework\security\org.springframework.security.config\3.0.3.RELEASE\org.springframework.security.config-3.0.3.RELEASE.jar;C:\Users\Bessie\.m2\repository\org\springframework\security\org.springframework.security.core\3.0.3.RELEASE\org.springframework.security.core-3.0.3.RELEASE.jar;C:\Users\Bessie\.m2\repository\org\springframework\security\org.springframework.security.taglibs\3.0.3.RELEASE\org.springframework.security.taglibs-3.0.3.RELEASE.jar;C:\Users\Bessie\.m2\repository\org\springframework\org.springframework.web\3.1.0.RELEASE\org.springframework.web-3.1.0.RELEASE.jar;C:\Users\Bessie\.m2\repository\org\springframework\security\org.springframework.security.web\3.0.3.RELEASE\org.springframework.security.web-3.0.3.RELEASE.jar;C:\Users\Bessie\.m2\repository\org\hibernate\hibernate-core\3.6.8.Final\hibernate-core-3.6.8.Final.jar;C:\Users\Bessie\.m2\repository\antlr\antlr\2.7.6\antlr-2.7.6.jar;C:\Users\Bessie\.m2\repository\commons-collections\commons-collections\3.1\commons-collections-3.1.jar;C:\Users\Bessie\.m2\repository\dom4j\dom4j\1.6.1\dom4j-1.6.1.jar;C:\Users\Bessie\.m2\repository\org\hibernate\hibernate-commons-annotations\3.2.0.Final\hibernate-commons-annotations-3.2.0.Final.jar;C:\Users\Bessie\.m2\repository\org\hibernate\javax\persistence\hibernate-jpa-2.0-api\1.0.1.Final\hibernate-jpa-2.0-api-1.0.1.Final.jar;C:\Users\Bessie\.m2\repository\com\mysql\jdbc\com.springsource.com.mysql.jdbc\5.1.6\com.springsource.com.mysql.jdbc-5.1.6.jar;C:\Users\Bessie\.m2\repository\org\apache\commons\com.springsource.org.apache.commons.dbcp\1.2.2.osgi\com.springsource.org.apache.commons.dbcp-1.2.2.osgi.jar;C:\Users\Bessie\.m2\repository\org\apache\commons\com.springsource.org.apache.commons.pool\1.3.0\com.springsource.org.apache.commons.pool-1.3.0.jar;C:\Users\Bessie\.m2\repository\cglib\cglib-nodep\2.2.2\cglib-nodep-2.2.2.jar;C:\Users\Bessie\.m2\repository\javassist\javassist\3.12.1.GA\javassist-3.12.1.GA.jar;C:\Users\Bessie\.m2\repository\taglibs\standard\1.1.2\standard-1.1.2.jar;C:\Users\Bessie\.m2\repository\javax\servlet\jstl\1.1.2\jstl-1.1.2.jar;C:\Users\Bessie\.m2\repository\javax\servlet\javax.servlet-api\3.0.1\javax.servlet-api-3.0.1.jar;C:\Users\Bessie\.m2\repository\org\springframework\org.springframework.test\3.1.0.RELEASE\org.springframework.test-3.1.0.RELEASE.jar;C:\Users\Bessie\.m2\repository\junit\junit\4.10\junit-4.10.jar;C:\Users\Bessie\.m2\repository\org\mockito\mockito-core\1.9.0\mockito-core-1.9.0.jar;C:\Users\Bessie\.m2\repository\org\objenesis\objenesis\1.0\objenesis-1.0.jar;C:\Users\Bessie\.m2\repository\org\hsqldb\com.springsource.org.hsqldb\1.8.0.10\com.springsource.org.hsqldb-1.8.0.10.jar;C:\Users\Bessie\.m2\repository\javax\inject\com.springsource.javax.inject\1.0.0\com.springsource.javax.inject-1.0.0.jar;C:\Users\Bessie\.m2\repository\org\apache\commons\com.springsource.org.apache.commons.logging\1.1.1\com.springsource.org.apache.commons.logging-1.1.1.jar;C:\Users\Bessie\.m2\repository\org\apache\commons\com.springsource.org.apache.commons.lang\2.4.0\com.springsource.org.apache.commons.lang-2.4.0.jar;C:\Users\Bessie\.m2\repository\org\apache\commons\commons-lang3\3.1\commons-lang3-3.1.jar;C:\Users\Bessie\.m2\repository\org\springframework\org.springframework.core\3.1.0.RELEASE\org.springframework.core-3.1.0.RELEASE.jar;C:\Users\Bessie\.m2\repository\org\springframework\org.springframework.aspects\3.1.0.RELEASE\org.springframework.aspects-3.1.0.RELEASE.jar;C:\Users\Bessie\.m2\repository\org\springframework\org.springframework.beans\3.1.0.RELEASE\org.springframework.beans-3.1.0.RELEASE.jar;C:\Users\Bessie\.m2\repository\org\springframework\org.springframework.asm\3.1.0.RELEASE\org.springframework.asm-3.1.0.RELEASE.jar;C:\Users\Bessie\.m2\repository\org\springframework\org.springframework.context\3.1.0.RELEASE\org.springframework.context-3.1.0.RELEASE.jar;C:\Users\Bessie\.m2\repository\org\springframework\org.springframework.expression\3.1.0.RELEASE\org.springframework.expression-3.1.0.RELEASE.jar;C:\Users\Bessie\.m2\repository\org\hibernate\hibernate-validator\4.2.0.Final\hibernate-validator-4.2.0.Final.jar;C:\Users\Bessie\.m2\repository\org\slf4j\slf4j-api\1.6.4\slf4j-api-1.6.4.jar;C:\Users\Bessie\.m2\repository\org\slf4j\slf4j-log4j12\1.6.4\slf4j-log4j12-1.6.4.jar;C:\Users\Bessie\.m2\repository\log4j\log4j\1.2.16\log4j-1.2.16.jar;C:\Users\Bessie\.m2\repository\org\hamcrest\hamcrest-core\1.1\hamcrest-core-1.1.jar;C:\Users\Bessie\.m2\repository\org\hamcrest\hamcrest-library\1.1\hamcrest-library-1.1.jar;${sip.conf.dir}/sip${chapter.number}/it-classes;"/>
    <property name="java.specification.name" value="Java Platform API Specification"/>
    <property name="java.class.version" value="52.0"/>
    <property name="sun.management.compiler" value="HotSpot Client Compiler"/>
    <property name="os.version" value="6.1"/>
    <property name="user.home" value="C:\Users\Bessie"/>
    <property name="user.timezone" value=""/>
    <property name="java.awt.printerjob" value="sun.awt.windows.WPrinterJob"/>
    <property name="java.specification.version" value="1.8"/>
    <property name="file.encoding" value="GBK"/>
    <property name="user.name" value="Bessie"/>
    <property name="java.class.path" value="C:\Users\Bessie\git\repo_jy\SpringWebApp\target\test-classes;C:\Users\Bessie\git\repo_jy\SpringWebApp\target\classes;C:\Users\Bessie\.m2\repository\org\springframework\spring-context\3.1.0.RELEASE\spring-context-3.1.0.RELEASE.jar;C:\Users\Bessie\.m2\repository\org\springframework\spring-aop\3.1.0.RELEASE\spring-aop-3.1.0.RELEASE.jar;C:\Users\Bessie\.m2\repository\org\springframework\spring-beans\3.1.0.RELEASE\spring-beans-3.1.0.RELEASE.jar;C:\Users\Bessie\.m2\repository\org\springframework\spring-core\3.1.0.RELEASE\spring-core-3.1.0.RELEASE.jar;C:\Users\Bessie\.m2\repository\commons-logging\commons-logging\1.1.1\commons-logging-1.1.1.jar;C:\Users\Bessie\.m2\repository\org\springframework\spring-expression\3.1.0.RELEASE\spring-expression-3.1.0.RELEASE.jar;C:\Users\Bessie\.m2\repository\org\springframework\spring-asm\3.1.0.RELEASE\spring-asm-3.1.0.RELEASE.jar;C:\Users\Bessie\.m2\repository\org\springframework\spring-web\3.1.0.RELEASE\spring-web-3.1.0.RELEASE.jar;C:\Users\Bessie\.m2\repository\aopalliance\aopalliance\1.0\aopalliance-1.0.jar;C:\Users\Bessie\.m2\repository\org\springframework\spring-webmvc\3.1.0.RELEASE\spring-webmvc-3.1.0.RELEASE.jar;C:\Users\Bessie\.m2\repository\org\springframework\spring-context-support\3.1.0.RELEASE\spring-context-support-3.1.0.RELEASE.jar;C:\Users\Bessie\.m2\repository\javax\validation\validation-api\1.0.0.GA\validation-api-1.0.0.GA.jar;C:\Users\Bessie\.m2\repository\javax\persistence\com.springsource.javax.persistence\2.0.0\com.springsource.javax.persistence-2.0.0.jar;C:\Users\Bessie\.m2\repository\javax\transaction\jta\1.1\jta-1.1.jar;C:\Users\Bessie\.m2\repository\org\springframework\org.springframework.orm\3.1.0.RELEASE\org.springframework.orm-3.1.0.RELEASE.jar;C:\Users\Bessie\.m2\repository\org\springframework\org.springframework.jdbc\3.1.0.RELEASE\org.springframework.jdbc-3.1.0.RELEASE.jar;C:\Users\Bessie\.m2\repository\org\springframework\org.springframework.transaction\3.1.0.RELEASE\org.springframework.transaction-3.1.0.RELEASE.jar;C:\Users\Bessie\.m2\repository\org\aopalliance\com.springsource.org.aopalliance\1.0.0\com.springsource.org.aopalliance-1.0.0.jar;C:\Users\Bessie\.m2\repository\org\springframework\org.springframework.aop\3.1.0.RELEASE\org.springframework.aop-3.1.0.RELEASE.jar;C:\Users\Bessie\.m2\repository\org\springframework\security\org.springframework.security.acls\3.0.3.RELEASE\org.springframework.security.acls-3.0.3.RELEASE.jar;C:\Users\Bessie\.m2\repository\org\springframework\security\org.springframework.security.config\3.0.3.RELEASE\org.springframework.security.config-3.0.3.RELEASE.jar;C:\Users\Bessie\.m2\repository\org\springframework\security\org.springframework.security.core\3.0.3.RELEASE\org.springframework.security.core-3.0.3.RELEASE.jar;C:\Users\Bessie\.m2\repository\org\springframework\security\org.springframework.security.taglibs\3.0.3.RELEASE\org.springframework.security.taglibs-3.0.3.RELEASE.jar;C:\Users\Bessie\.m2\repository\org\springframework\org.springframework.web\3.1.0.RELEASE\org.springframework.web-3.1.0.RELEASE.jar;C:\Users\Bessie\.m2\repository\org\springframework\security\org.springframework.security.web\3.0.3.RELEASE\org.springframework.security.web-3.0.3.RELEASE.jar;C:\Users\Bessie\.m2\repository\org\hibernate\hibernate-core\3.6.8.Final\hibernate-core-3.6.8.Final.jar;C:\Users\Bessie\.m2\repository\antlr\antlr\2.7.6\antlr-2.7.6.jar;C:\Users\Bessie\.m2\repository\commons-collections\commons-collections\3.1\commons-collections-3.1.jar;C:\Users\Bessie\.m2\repository\dom4j\dom4j\1.6.1\dom4j-1.6.1.jar;C:\Users\Bessie\.m2\repository\org\hibernate\hibernate-commons-annotations\3.2.0.Final\hibernate-commons-annotations-3.2.0.Final.jar;C:\Users\Bessie\.m2\repository\org\hibernate\javax\persistence\hibernate-jpa-2.0-api\1.0.1.Final\hibernate-jpa-2.0-api-1.0.1.Final.jar;C:\Users\Bessie\.m2\repository\com\mysql\jdbc\com.springsource.com.mysql.jdbc\5.1.6\com.springsource.com.mysql.jdbc-5.1.6.jar;C:\Users\Bessie\.m2\repository\org\apache\commons\com.springsource.org.apache.commons.dbcp\1.2.2.osgi\com.springsource.org.apache.commons.dbcp-1.2.2.osgi.jar;C:\Users\Bessie\.m2\repository\org\apache\commons\com.springsource.org.apache.commons.pool\1.3.0\com.springsource.org.apache.commons.pool-1.3.0.jar;C:\Users\Bessie\.m2\repository\cglib\cglib-nodep\2.2.2\cglib-nodep-2.2.2.jar;C:\Users\Bessie\.m2\repository\javassist\javassist\3.12.1.GA\javassist-3.12.1.GA.jar;C:\Users\Bessie\.m2\repository\taglibs\standard\1.1.2\standard-1.1.2.jar;C:\Users\Bessie\.m2\repository\javax\servlet\jstl\1.1.2\jstl-1.1.2.jar;C:\Users\Bessie\.m2\repository\javax\servlet\javax.servlet-api\3.0.1\javax.servlet-api-3.0.1.jar;C:\Users\Bessie\.m2\repository\org\springframework\org.springframework.test\3.1.0.RELEASE\org.springframework.test-3.1.0.RELEASE.jar;C:\Users\Bessie\.m2\repository\junit\junit\4.10\junit-4.10.jar;C:\Users\Bessie\.m2\repository\org\mockito\mockito-core\1.9.0\mockito-core-1.9.0.jar;C:\Users\Bessie\.m2\repository\org\objenesis\objenesis\1.0\objenesis-1.0.jar;C:\Users\Bessie\.m2\repository\org\hsqldb\com.springsource.org.hsqldb\1.8.0.10\com.springsource.org.hsqldb-1.8.0.10.jar;C:\Users\Bessie\.m2\repository\javax\inject\com.springsource.javax.inject\1.0.0\com.springsource.javax.inject-1.0.0.jar;C:\Users\Bessie\.m2\repository\org\apache\commons\com.springsource.org.apache.commons.logging\1.1.1\com.springsource.org.apache.commons.logging-1.1.1.jar;C:\Users\Bessie\.m2\repository\org\apache\commons\com.springsource.org.apache.commons.lang\2.4.0\com.springsource.org.apache.commons.lang-2.4.0.jar;C:\Users\Bessie\.m2\repository\org\apache\commons\commons-lang3\3.1\commons-lang3-3.1.jar;C:\Users\Bessie\.m2\repository\org\springframework\org.springframework.core\3.1.0.RELEASE\org.springframework.core-3.1.0.RELEASE.jar;C:\Users\Bessie\.m2\repository\org\springframework\org.springframework.aspects\3.1.0.RELEASE\org.springframework.aspects-3.1.0.RELEASE.jar;C:\Users\Bessie\.m2\repository\org\springframework\org.springframework.beans\3.1.0.RELEASE\org.springframework.beans-3.1.0.RELEASE.jar;C:\Users\Bessie\.m2\repository\org\springframework\org.springframework.asm\3.1.0.RELEASE\org.springframework.asm-3.1.0.RELEASE.jar;C:\Users\Bessie\.m2\repository\org\springframework\org.springframework.context\3.1.0.RELEASE\org.springframework.context-3.1.0.RELEASE.jar;C:\Users\Bessie\.m2\repository\org\springframework\org.springframework.expression\3.1.0.RELEASE\org.springframework.expression-3.1.0.RELEASE.jar;C:\Users\Bessie\.m2\repository\org\hibernate\hibernate-validator\4.2.0.Final\hibernate-validator-4.2.0.Final.jar;C:\Users\Bessie\.m2\repository\org\slf4j\slf4j-api\1.6.4\slf4j-api-1.6.4.jar;C:\Users\Bessie\.m2\repository\org\slf4j\slf4j-log4j12\1.6.4\slf4j-log4j12-1.6.4.jar;C:\Users\Bessie\.m2\repository\log4j\log4j\1.2.16\log4j-1.2.16.jar;C:\Users\Bessie\.m2\repository\org\hamcrest\hamcrest-core\1.1\hamcrest-core-1.1.jar;C:\Users\Bessie\.m2\repository\org\hamcrest\hamcrest-library\1.1\hamcrest-library-1.1.jar;${sip.conf.dir}/sip${chapter.number}/it-classes;"/>
    <property name="java.vm.specification.version" value="1.8"/>
    <property name="sun.arch.data.model" value="32"/>
    <property name="java.home" value="C:\Program Files\Java\jdk1.8.0_131\jre"/>
    <property name="sun.java.command" value="C:\Users\Bessie\AppData\Local\Temp\surefirebooter556967055213989368.jar C:\Users\Bessie\AppData\Local\Temp\surefire4384181687757124554tmp C:\Users\Bessie\AppData\Local\Temp\surefire7125088152716244930tmp"/>
    <property name="java.specification.vendor" value="Oracle Corporation"/>
    <property name="user.language" value="zh"/>
    <property name="awt.toolkit" value="sun.awt.windows.WToolkit"/>
    <property name="java.vm.info" value="mixed mode"/>
    <property name="java.version" value="1.8.0_131"/>
    <property name="java.ext.dirs" value="C:\Program Files\Java\jdk1.8.0_131\jre\lib\ext;C:\Windows\Sun\Java\lib\ext"/>
    <property name="sun.boot.class.path" value="C:\Program Files\Java\jdk1.8.0_131\jre\lib\resources.jar;C:\Program Files\Java\jdk1.8.0_131\jre\lib\rt.jar;C:\Program Files\Java\jdk1.8.0_131\jre\lib\sunrsasign.jar;C:\Program Files\Java\jdk1.8.0_131\jre\lib\jsse.jar;C:\Program Files\Java\jdk1.8.0_131\jre\lib\jce.jar;C:\Program Files\Java\jdk1.8.0_131\jre\lib\charsets.jar;C:\Program Files\Java\jdk1.8.0_131\jre\lib\jfr.jar;C:\Program Files\Java\jdk1.8.0_131\jre\classes"/>
    <property name="java.vendor" value="Oracle Corporation"/>
    <property name="localRepository" value="C:\Users\Bessie\.m2\repository"/>
    <property name="file.separator" value="\"/>
    <property name="java.vendor.url.bug" value="http://bugreport.sun.com/bugreport/"/>
    <property name="sun.cpu.endian" value="little"/>
    <property name="sun.io.unicode.encoding" value="UnicodeLittle"/>
    <property name="sun.desktop" value="windows"/>
    <property name="sun.cpu.isalist" value="pentium_pro+mmx pentium_pro pentium+mmx pentium i486 i386 i86"/>
  </properties>
</testsuite>